2022-05-29 12:52:34,234 ERROR  /Users/user/SourceCode/SkillFactory_HW_D_13/NewsPortal/News/views.py None
2022-05-29 12:52:34,234 CRITICAL  /Users/user/SourceCode/SkillFactory_HW_D_13/NewsPortal/News/views.py None
2022-05-29 12:52:34,234 ERROR  /Users/user/SourceCode/SkillFactory_HW_D_13/NewsPortal/News/views.py None
2022-05-29 12:52:34,234 CRITICAL  /Users/user/SourceCode/SkillFactory_HW_D_13/NewsPortal/News/views.py None
2022-05-29 12:52:34,235 ERROR  /Users/user/SourceCode/SkillFactory_HW_D_13/NewsPortal/News/views.py None
2022-05-29 12:52:34,235 CRITICAL  /Users/user/SourceCode/SkillFactory_HW_D_13/NewsPortal/News/views.py None
2022-05-29 12:52:34,235 ERROR  /Users/user/SourceCode/SkillFactory_HW_D_13/NewsPortal/News/views.py None
2022-05-29 12:52:34,235 CRITICAL  /Users/user/SourceCode/SkillFactory_HW_D_13/NewsPortal/News/views.py None
2022-05-29 12:52:45,646 ERROR  /Users/user/SourceCode/SkillFactory_HW_D_13/NewsPortal/News/views.py None
2022-05-29 12:52:45,646 CRITICAL  /Users/user/SourceCode/SkillFactory_HW_D_13/NewsPortal/News/views.py None
2022-05-29 12:52:45,647 ERROR  /Users/user/SourceCode/SkillFactory_HW_D_13/NewsPortal/News/views.py None
2022-05-29 12:52:45,647 CRITICAL  /Users/user/SourceCode/SkillFactory_HW_D_13/NewsPortal/News/views.py None
2022-05-29 12:52:45,647 ERROR  /Users/user/SourceCode/SkillFactory_HW_D_13/NewsPortal/News/views.py None
2022-05-29 12:52:45,647 CRITICAL  /Users/user/SourceCode/SkillFactory_HW_D_13/NewsPortal/News/views.py None
2022-05-29 12:52:45,647 ERROR  /Users/user/SourceCode/SkillFactory_HW_D_13/NewsPortal/News/views.py None
2022-05-29 12:52:45,647 CRITICAL  /Users/user/SourceCode/SkillFactory_HW_D_13/NewsPortal/News/views.py None
2022-05-29 12:52:48,856 ERROR  /Users/user/SourceCode/SkillFactory_HW_D_13/NewsPortal/News/views.py None
2022-05-29 12:52:48,856 CRITICAL  /Users/user/SourceCode/SkillFactory_HW_D_13/NewsPortal/News/views.py None
2022-05-29 12:52:48,856 ERROR  /Users/user/SourceCode/SkillFactory_HW_D_13/NewsPortal/News/views.py None
2022-05-29 12:52:48,856 CRITICAL  /Users/user/SourceCode/SkillFactory_HW_D_13/NewsPortal/News/views.py None
2022-05-29 12:52:48,856 ERROR  /Users/user/SourceCode/SkillFactory_HW_D_13/NewsPortal/News/views.py None
2022-05-29 12:52:48,856 CRITICAL  /Users/user/SourceCode/SkillFactory_HW_D_13/NewsPortal/News/views.py None
2022-05-29 12:52:48,856 ERROR  /Users/user/SourceCode/SkillFactory_HW_D_13/NewsPortal/News/views.py None
2022-05-29 12:52:48,856 CRITICAL  /Users/user/SourceCode/SkillFactory_HW_D_13/NewsPortal/News/views.py None
2022-05-29 12:52:52,660 ERROR  /Users/user/SourceCode/SkillFactory_HW_D_13/NewsPortal/News/views.py None
2022-05-29 12:52:52,660 CRITICAL  /Users/user/SourceCode/SkillFactory_HW_D_13/NewsPortal/News/views.py None
2022-05-29 12:52:52,660 ERROR  /Users/user/SourceCode/SkillFactory_HW_D_13/NewsPortal/News/views.py None
2022-05-29 12:52:52,660 CRITICAL  /Users/user/SourceCode/SkillFactory_HW_D_13/NewsPortal/News/views.py None
2022-05-29 12:52:52,660 ERROR  /Users/user/SourceCode/SkillFactory_HW_D_13/NewsPortal/News/views.py None
2022-05-29 12:52:52,661 CRITICAL  /Users/user/SourceCode/SkillFactory_HW_D_13/NewsPortal/News/views.py None
2022-05-29 12:52:52,661 ERROR  /Users/user/SourceCode/SkillFactory_HW_D_13/NewsPortal/News/views.py None
2022-05-29 12:52:52,661 CRITICAL  /Users/user/SourceCode/SkillFactory_HW_D_13/NewsPortal/News/views.py None
2022-05-29 12:52:56,145 ERROR  /Users/user/SourceCode/SkillFactory_HW_D_13/NewsPortal/News/views.py None
2022-05-29 12:52:56,145 CRITICAL  /Users/user/SourceCode/SkillFactory_HW_D_13/NewsPortal/News/views.py None
2022-05-29 12:52:56,145 ERROR  /Users/user/SourceCode/SkillFactory_HW_D_13/NewsPortal/News/views.py None
2022-05-29 12:52:56,145 CRITICAL  /Users/user/SourceCode/SkillFactory_HW_D_13/NewsPortal/News/views.py None
2022-05-29 12:52:56,145 ERROR  /Users/user/SourceCode/SkillFactory_HW_D_13/NewsPortal/News/views.py None
2022-05-29 12:52:56,145 CRITICAL  /Users/user/SourceCode/SkillFactory_HW_D_13/NewsPortal/News/views.py None
2022-05-29 12:52:56,145 ERROR  /Users/user/SourceCode/SkillFactory_HW_D_13/NewsPortal/News/views.py None
2022-05-29 12:52:56,145 CRITICAL  /Users/user/SourceCode/SkillFactory_HW_D_13/NewsPortal/News/views.py None
2022-05-29 12:53:22,447 ERROR  /Users/user/SourceCode/SkillFactory_HW_D_13/NewsPortal/News/views.py None
2022-05-29 12:53:22,447 CRITICAL  /Users/user/SourceCode/SkillFactory_HW_D_13/NewsPortal/News/views.py None
2022-05-29 12:53:22,447 ERROR  /Users/user/SourceCode/SkillFactory_HW_D_13/NewsPortal/News/views.py None
2022-05-29 12:53:22,448 CRITICAL  /Users/user/SourceCode/SkillFactory_HW_D_13/NewsPortal/News/views.py None
2022-05-29 12:53:22,448 ERROR  /Users/user/SourceCode/SkillFactory_HW_D_13/NewsPortal/News/views.py None
2022-05-29 12:53:22,448 CRITICAL  /Users/user/SourceCode/SkillFactory_HW_D_13/NewsPortal/News/views.py None
2022-05-29 12:53:22,448 ERROR  /Users/user/SourceCode/SkillFactory_HW_D_13/NewsPortal/News/views.py None
2022-05-29 12:53:22,448 CRITICAL  /Users/user/SourceCode/SkillFactory_HW_D_13/NewsPortal/News/views.py None
2022-05-29 12:53:25,271 ERROR  /Users/user/SourceCode/SkillFactory_HW_D_13/NewsPortal/News/views.py None
2022-05-29 12:53:25,273 CRITICAL  /Users/user/SourceCode/SkillFactory_HW_D_13/NewsPortal/News/views.py None
2022-05-29 12:53:25,274 ERROR  /Users/user/SourceCode/SkillFactory_HW_D_13/NewsPortal/News/views.py None
2022-05-29 12:53:25,274 CRITICAL  /Users/user/SourceCode/SkillFactory_HW_D_13/NewsPortal/News/views.py None
2022-05-29 12:53:25,274 ERROR  /Users/user/SourceCode/SkillFactory_HW_D_13/NewsPortal/News/views.py None
2022-05-29 12:53:25,274 CRITICAL  /Users/user/SourceCode/SkillFactory_HW_D_13/NewsPortal/News/views.py None
2022-05-29 12:53:25,274 ERROR  /Users/user/SourceCode/SkillFactory_HW_D_13/NewsPortal/News/views.py None
2022-05-29 12:53:25,274 CRITICAL  /Users/user/SourceCode/SkillFactory_HW_D_13/NewsPortal/News/views.py None
2022-05-29 12:54:18,743 ERROR  /Users/user/SourceCode/SkillFactory_HW_D_13/NewsPortal/News/views.py None
2022-05-29 12:54:18,743 CRITICAL  /Users/user/SourceCode/SkillFactory_HW_D_13/NewsPortal/News/views.py None
2022-05-29 12:54:18,743 ERROR  /Users/user/SourceCode/SkillFactory_HW_D_13/NewsPortal/News/views.py None
2022-05-29 12:54:18,743 CRITICAL  /Users/user/SourceCode/SkillFactory_HW_D_13/NewsPortal/News/views.py None
2022-05-29 12:54:18,743 ERROR  /Users/user/SourceCode/SkillFactory_HW_D_13/NewsPortal/News/views.py None
2022-05-29 12:54:18,743 CRITICAL  /Users/user/SourceCode/SkillFactory_HW_D_13/NewsPortal/News/views.py None
2022-05-29 12:54:18,743 ERROR  /Users/user/SourceCode/SkillFactory_HW_D_13/NewsPortal/News/views.py None
2022-05-29 12:54:18,743 CRITICAL  /Users/user/SourceCode/SkillFactory_HW_D_13/NewsPortal/News/views.py None
2022-05-29 12:54:21,935 ERROR  /Users/user/SourceCode/SkillFactory_HW_D_13/NewsPortal/News/views.py None
2022-05-29 12:54:21,935 CRITICAL  /Users/user/SourceCode/SkillFactory_HW_D_13/NewsPortal/News/views.py None
2022-05-29 12:54:21,935 ERROR  /Users/user/SourceCode/SkillFactory_HW_D_13/NewsPortal/News/views.py None
2022-05-29 12:54:21,935 CRITICAL  /Users/user/SourceCode/SkillFactory_HW_D_13/NewsPortal/News/views.py None
2022-05-29 12:54:21,935 ERROR  /Users/user/SourceCode/SkillFactory_HW_D_13/NewsPortal/News/views.py None
2022-05-29 12:54:21,935 CRITICAL  /Users/user/SourceCode/SkillFactory_HW_D_13/NewsPortal/News/views.py None
2022-05-29 12:54:21,936 ERROR  /Users/user/SourceCode/SkillFactory_HW_D_13/NewsPortal/News/views.py None
2022-05-29 12:54:21,936 CRITICAL  /Users/user/SourceCode/SkillFactory_HW_D_13/NewsPortal/News/views.py None
2022-05-29 12:57:20,843 ERROR Internal Server Error: /account/signup/ /Users/user/SourceCode/SkillFactory-HW-NewsPortal/lib/python3.10/site-packages/django/utils/log.py (<class 'smtplib.SMTPAuthenticationError'>, SMTPAuthenticationError(535, b'5.7.8 Username and Password not accepted. Learn more at\n5.7.8  https://support.google.com/mail/?p=BadCredentials x26-20020a2e4a1a000000b00253d49c2bb2sm2027138lja.72 - gsmtp'), <traceback object at 0x112df2f40>)
Traceback (most recent call last):
  File "/Users/user/SourceCode/SkillFactory-HW-NewsPortal/lib/python3.10/site-packages/django/core/handlers/exception.py", line 55, in inner
    response = get_response(request)
  File "/Users/user/SourceCode/SkillFactory-HW-NewsPortal/lib/python3.10/site-packages/django/core/handlers/base.py", line 197, in _get_response
    response = wrapped_callback(request, *callback_args, **callback_kwargs)
  File "/Users/user/SourceCode/SkillFactory-HW-NewsPortal/lib/python3.10/site-packages/django/views/generic/base.py", line 84, in view
    return self.dispatch(request, *args, **kwargs)
  File "/Users/user/SourceCode/SkillFactory-HW-NewsPortal/lib/python3.10/site-packages/django/utils/decorators.py", line 46, in _wrapper
    return bound_method(*args, **kwargs)
  File "/Users/user/SourceCode/SkillFactory-HW-NewsPortal/lib/python3.10/site-packages/allauth/decorators.py", line 20, in wrap
    resp = function(request, *args, **kwargs)
  File "/Users/user/SourceCode/SkillFactory-HW-NewsPortal/lib/python3.10/site-packages/django/utils/decorators.py", line 46, in _wrapper
    return bound_method(*args, **kwargs)
  File "/Users/user/SourceCode/SkillFactory-HW-NewsPortal/lib/python3.10/site-packages/django/views/decorators/debug.py", line 92, in sensitive_post_parameters_wrapper
    return view(request, *args, **kwargs)
  File "/Users/user/SourceCode/SkillFactory-HW-NewsPortal/lib/python3.10/site-packages/allauth/account/views.py", line 234, in dispatch
    return super(SignupView, self).dispatch(request, *args, **kwargs)
  File "/Users/user/SourceCode/SkillFactory-HW-NewsPortal/lib/python3.10/site-packages/allauth/account/views.py", line 77, in dispatch
    response = super(RedirectAuthenticatedUserMixin, self).dispatch(
  File "/Users/user/SourceCode/SkillFactory-HW-NewsPortal/lib/python3.10/site-packages/allauth/account/views.py", line 207, in dispatch
    return super(CloseableSignupMixin, self).dispatch(request, *args, **kwargs)
  File "/Users/user/SourceCode/SkillFactory-HW-NewsPortal/lib/python3.10/site-packages/django/views/generic/base.py", line 119, in dispatch
    return handler(request, *args, **kwargs)
  File "/Users/user/SourceCode/SkillFactory-HW-NewsPortal/lib/python3.10/site-packages/allauth/account/views.py", line 105, in post
    response = self.form_valid(form)
  File "/Users/user/SourceCode/SkillFactory-HW-NewsPortal/lib/python3.10/site-packages/allauth/account/views.py", line 252, in form_valid
    return complete_signup(
  File "/Users/user/SourceCode/SkillFactory-HW-NewsPortal/lib/python3.10/site-packages/allauth/account/utils.py", line 186, in complete_signup
    return perform_login(
  File "/Users/user/SourceCode/SkillFactory-HW-NewsPortal/lib/python3.10/site-packages/allauth/account/utils.py", line 168, in perform_login
    response = adapter.pre_login(request, user, **hook_kwargs)
  File "/Users/user/SourceCode/SkillFactory-HW-NewsPortal/lib/python3.10/site-packages/allauth/account/adapter.py", line 409, in pre_login
    send_email_confirmation(request, user, signup=signup, email=email)
  File "/Users/user/SourceCode/SkillFactory-HW-NewsPortal/lib/python3.10/site-packages/allauth/account/utils.py", line 319, in send_email_confirmation
    email_address.send_confirmation(request, signup=signup)
  File "/Users/user/SourceCode/SkillFactory-HW-NewsPortal/lib/python3.10/site-packages/allauth/account/models.py", line 59, in send_confirmation
    confirmation.send(request, signup=signup)
  File "/Users/user/SourceCode/SkillFactory-HW-NewsPortal/lib/python3.10/site-packages/allauth/account/models.py", line 166, in send
    get_adapter(request).send_confirmation_mail(request, self, signup)
  File "/Users/user/SourceCode/SkillFactory-HW-NewsPortal/lib/python3.10/site-packages/allauth/account/adapter.py", line 549, in send_confirmation_mail
    self.send_mail(email_template, emailconfirmation.email_address.email, ctx)
  File "/Users/user/SourceCode/SkillFactory-HW-NewsPortal/lib/python3.10/site-packages/allauth/account/adapter.py", line 140, in send_mail
    msg.send()
  File "/Users/user/SourceCode/SkillFactory-HW-NewsPortal/lib/python3.10/site-packages/django/core/mail/message.py", line 298, in send
    return self.get_connection(fail_silently).send_messages([self])
  File "/Users/user/SourceCode/SkillFactory-HW-NewsPortal/lib/python3.10/site-packages/django/core/mail/backends/smtp.py", line 124, in send_messages
    new_conn_created = self.open()
  File "/Users/user/SourceCode/SkillFactory-HW-NewsPortal/lib/python3.10/site-packages/django/core/mail/backends/smtp.py", line 91, in open
    self.connection.login(self.username, self.password)
  File "/Library/Frameworks/Python.framework/Versions/3.10/lib/python3.10/smtplib.py", line 750, in login
    raise last_exception
  File "/Library/Frameworks/Python.framework/Versions/3.10/lib/python3.10/smtplib.py", line 739, in login
    (code, resp) = self.auth(
  File "/Library/Frameworks/Python.framework/Versions/3.10/lib/python3.10/smtplib.py", line 662, in auth
    raise SMTPAuthenticationError(code, resp)
smtplib.SMTPAuthenticationError: (535, b'5.7.8 Username and Password not accepted. Learn more at\n5.7.8  https://support.google.com/mail/?p=BadCredentials x26-20020a2e4a1a000000b00253d49c2bb2sm2027138lja.72 - gsmtp')
2022-05-29 12:57:20,846 ERROR "POST /account/signup/ HTTP/1.1" 500 189445 /Users/user/SourceCode/SkillFactory-HW-NewsPortal/lib/python3.10/site-packages/django/core/servers/basehttp.py None
2022-05-29 13:01:55,699 ERROR  /Users/user/SourceCode/SkillFactory_HW_D_13/NewsPortal/News/views.py None
2022-05-29 13:01:55,700 CRITICAL  /Users/user/SourceCode/SkillFactory_HW_D_13/NewsPortal/News/views.py None
2022-05-29 13:01:55,700 ERROR  /Users/user/SourceCode/SkillFactory_HW_D_13/NewsPortal/News/views.py None
2022-05-29 13:01:55,700 CRITICAL  /Users/user/SourceCode/SkillFactory_HW_D_13/NewsPortal/News/views.py None
2022-05-29 13:01:55,701 ERROR  /Users/user/SourceCode/SkillFactory_HW_D_13/NewsPortal/News/views.py None
2022-05-29 13:01:55,701 CRITICAL  /Users/user/SourceCode/SkillFactory_HW_D_13/NewsPortal/News/views.py None
2022-05-29 13:01:55,701 ERROR  /Users/user/SourceCode/SkillFactory_HW_D_13/NewsPortal/News/views.py None
2022-05-29 13:01:55,701 CRITICAL  /Users/user/SourceCode/SkillFactory_HW_D_13/NewsPortal/News/views.py None
